<?xml version="1.0" encoding="UTF-8"?>
<testng-results skipped="0" failed="0" ignored="0" total="1" passed="1">
  <reporter-output>
  </reporter-output>
  <suite name="firstSuite" duration-ms="5" started-at="2019-04-13T11:54:14Z" finished-at="2019-04-13T11:54:14Z">
    <groups>
    </groups>
    <test name="firstTest" duration-ms="5" started-at="2019-04-13T11:54:14Z" finished-at="2019-04-13T11:54:14Z">
      <class name="FirstFolder.SampleTest">
        <test-method status="PASS" signature="test1()[pri:0, instance:FirstFolder.SampleTest@20f71365]" name="test1" duration-ms="0" started-at="2019-04-13T11:54:14Z" finished-at="2019-04-13T11:54:14Z">
          <reporter-output>
          </reporter-output>
        </test-method> <!-- test1 -->
      </class> <!-- FirstFolder.SampleTest -->
    </test> <!-- firstTest -->
  </suite> <!-- firstSuite -->
</testng-results>
